<?xml version="1.0" encoding="UTF-8"?>
<!-- Generated by org.testng.reporters.JUnitReportReporter -->
<testsuite skipped="0" hostname="DESKTOP-4NIBLR9" name="com.cambridge.qa.testcases.SeleniumWithPythonPageTest" tests="10" failures="0" timestamp="16 Jun 2019 02:39:21 GMT" time="6.481" errors="0">
  <testcase name="verifySeleniumPageTitleTest" time="0.014" classname="com.cambridge.qa.testcases.SeleniumWithPythonPageTest"/>
  <testcase name="enterYourNameTest" time="0.172" classname="com.cambridge.qa.testcases.SeleniumWithPythonPageTest"/>
  <testcase name="enterYourNumberTest" time="0.148" classname="com.cambridge.qa.testcases.SeleniumWithPythonPageTest"/>
  <testcase name="enterYourEmailTest" time="0.210" classname="com.cambridge.qa.testcases.SeleniumWithPythonPageTest"/>
  <testcase name="enterYourMessageTest" time="0.170" classname="com.cambridge.qa.testcases.SeleniumWithPythonPageTest"/>
  <testcase name="clickSendTest" time="0.155" classname="com.cambridge.qa.testcases.SeleniumWithPythonPageTest"/>
  <testcase name="clickCloseButtonTest" time="1.083" classname="com.cambridge.qa.testcases.SeleniumWithPythonPageTest"/>
  <testcase name="enterTestDataTest" time="1.515" classname="com.cambridge.qa.testcases.SeleniumWithPythonPageTest"/>
  <testcase name="enterTestDataTest" time="1.437" classname="com.cambridge.qa.testcases.SeleniumWithPythonPageTest"/>
  <testcase name="enterTestDataTest" time="1.577" classname="com.cambridge.qa.testcases.SeleniumWithPythonPageTest"/>
</testsuite> <!-- com.cambridge.qa.testcases.SeleniumWithPythonPageTest -->
