<?xml version="1.0" encoding="UTF-8"?>
<!-- Generated by org.testng.reporters.JUnitReportReporter -->
<testsuite skipped="0" hostname="DESKTOP-4NIBLR9" name="com.cambridge.qa.testcases.SevicesTestPage" tests="6" failures="0" timestamp="15 Jun 2019 16:34:43 GMT" time="65.717" errors="0">
  <testcase name="clickCollegeCounselingTest" time="11.202" classname="com.cambridge.qa.testcases.SevicesTestPage"/>
  <testcase name="clickCareerCounselingTest" time="11.660" classname="com.cambridge.qa.testcases.SevicesTestPage"/>
  <testcase name="clickPersonalCoachingTest" time="8.839" classname="com.cambridge.qa.testcases.SevicesTestPage"/>
  <testcase name="clickTutoringTest" time="11.612" classname="com.cambridge.qa.testcases.SevicesTestPage"/>
  <testcase name="clickCAMPTest" time="10.452" classname="com.cambridge.qa.testcases.SevicesTestPage"/>
  <testcase name="clickSeleniumWithPythonTest" time="11.952" classname="com.cambridge.qa.testcases.SevicesTestPage"/>
</testsuite> <!-- com.cambridge.qa.testcases.SevicesTestPage -->
