<?xml version="1.0" encoding="UTF-8"?>
<!-- Generated by org.testng.reporters.JUnitReportReporter -->
<testsuite skipped="0" hostname="DESKTOP-4NIBLR9" name="com.cambridge.qa.testcases.ServicesTestPage" tests="6" failures="0" timestamp="16 Jun 2019 02:36:34 GMT" time="63.658" errors="0">
  <testcase name="clickCollegeCounselingTest" time="10.972" classname="com.cambridge.qa.testcases.ServicesTestPage"/>
  <testcase name="clickCareerCounselingTest" time="12.230" classname="com.cambridge.qa.testcases.ServicesTestPage"/>
  <testcase name="clickPersonalCoachingTest" time="10.167" classname="com.cambridge.qa.testcases.ServicesTestPage"/>
  <testcase name="clickTutoringTest" time="10.091" classname="com.cambridge.qa.testcases.ServicesTestPage"/>
  <testcase name="clickCAMPTest" time="9.709" classname="com.cambridge.qa.testcases.ServicesTestPage"/>
  <testcase name="clickSeleniumWithPythonTest" time="10.489" classname="com.cambridge.qa.testcases.ServicesTestPage"/>
</testsuite> <!-- com.cambridge.qa.testcases.ServicesTestPage -->
